Copyright 1986-2021 Xilinx, Inc. All Rights Reserved.
---------------------------------------------------------------------------------------------
| Tool Version : Vivado v.2021.2 (win64) Build 3367213 Tue Oct 19 02:48:09 MDT 2021
| Date         : Mon Oct 16 13:47:52 2023
| Host         : HP-Z1-G8-AGV running 64-bit major release  (build 9200)
| Command      : upgrade_project -migrate_output_products
| Project_Path : C:/projs/DCEC_B1/project_XADC_v2018_4/project_XADC_v2018_4.xpr
---------------------------------------------------------------------------------------------

Project Status Summary

1. Project IP Status
--------------------
This project contains 0 IP and 1 Block Designs.


1.1 Project IP Instances
+-----------------------+-------------------------+-------------------------------------+-------------------------------------+
| Instance Name         | Status                  | Reason                              | Recommendation                      |
+-----------------------+-------------------------+-------------------------------------+-------------------------------------+
| design_1_xadc_wiz_0_0 | Will be Migrated.       |                                     |                                     |
+-----------------------+-------------------------+-------------------------------------+-------------------------------------+


1.2 Project Block Designs
+----------+-------------------------+-------------------------------------+-------------------------------------+
| Design   | Status                  | Reason                              | Recommendation                      |
| Name     |                         |                                     |                                     |
+----------+-------------------------+-------------------------------------+-------------------------------------+
| design_1 | Will be Migrated.       |                                     |                                     |
+----------+-------------------------+-------------------------------------+-------------------------------------+



