#-----------------------------------------------------------
# Vivado v2017.4 (64-bit)
# SW Build 2086221 on Fri Dec 15 20:55:39 MST 2017
# IP Build 2085800 on Fri Dec 15 22:25:07 MST 2017
# Start of session at: Sun Nov 17 02:00:07 2024
# Process ID: 2784
# Current directory: C:/Users/nicol/Documents/GitHub/tx-16-QAM
# Command line: vivado.exe -gui_launcher_event rodinguilauncherevent12128 C:\Users\nicol\Documents\GitHub\tx-16-QAM\project_XADC_v2018_4.xpr
# Log file: C:/Users/nicol/Documents/GitHub/tx-16-QAM/vivado.log
# Journal file: C:/Users/nicol/Documents/GitHub/tx-16-QAM\vivado.jou
#-----------------------------------------------------------
start_gui
open_project C:/Users/nicol/Documents/GitHub/tx-16-QAM/project_XADC_v2018_4.xpr
ERROR: [BD 41-1809] Block design name '' found in BD file does not match with actual file name 'DDS_MULT_ADDER.bd'. BD file on disk must be named '.bd'
CRITICAL WARNING: [Project 1-19] Could not find the file '$PGENDIR/sources_1/bd/DDS_MULT_ADDER/hdl/DDS_MULT_ADDER_wrapper.vhd'.
ERROR: [BD 41-1809] Block design name '' found in BD file does not match with actual file name 'XADC_FIFO.bd'. BD file on disk must be named '.bd'
ERROR: [BD 41-1809] Block design name '' found in BD file does not match with actual file name 'CLOCKS.bd'. BD file on disk must be named '.bd'
CRITICAL WARNING: [Project 1-19] Could not find the file '$PGENDIR/sources_1/bd/CLOCKS/hdl/CLOCKS_wrapper.vhd'.
CRITICAL WARNING: [Project 1-19] Could not find the file '$PGENDIR/sources_1/bd/XADC_FIFO/hdl/XADC_FIFO_wrapper.vhd'.
ERROR: [Project 1-208] No val for DA Elab Attr
Scanning sources...
ERROR: [Common 17-70] Application Exception: SrcMgr::createSS : type not set
open_project C:/Users/nicol/Documents/GitHub/tx-16-QAM/project_XADC_v2018_4.xpr
ERROR: [BD 41-1809] Block design name '' found in BD file does not match with actual file name 'DDS_MULT_ADDER.bd'. BD file on disk must be named '.bd'
CRITICAL WARNING: [Project 1-19] Could not find the file '$PGENDIR/sources_1/bd/DDS_MULT_ADDER/hdl/DDS_MULT_ADDER_wrapper.vhd'.
ERROR: [BD 41-1809] Block design name '' found in BD file does not match with actual file name 'XADC_FIFO.bd'. BD file on disk must be named '.bd'
ERROR: [BD 41-1809] Block design name '' found in BD file does not match with actual file name 'CLOCKS.bd'. BD file on disk must be named '.bd'
CRITICAL WARNING: [Project 1-19] Could not find the file '$PGENDIR/sources_1/bd/CLOCKS/hdl/CLOCKS_wrapper.vhd'.
CRITICAL WARNING: [Project 1-19] Could not find the file '$PGENDIR/sources_1/bd/XADC_FIFO/hdl/XADC_FIFO_wrapper.vhd'.
ERROR: [Project 1-208] No val for DA Elab Attr
Scanning sources...
ERROR: [Common 17-70] Application Exception: SrcMgr::createSS : type not set
exit
INFO: [Common 17-206] Exiting Vivado at Sun Nov 17 02:03:06 2024...
